\BOOKMARK [0][-]{chapter.1}{\376\377\0001\000\040\000P\000r\000o\000j\000e\000t\000\040\000:\000\040\000W\000e\000b\000\040\000-\000\040\000B\000D\000\040\000-\000\040\000P\000H\000P}{}% 1
\BOOKMARK [0][-]{chapter.2}{\376\377\0002\000\040\000I\000n\000d\000e\000x\000\040\000d\000e\000s\000\040\000f\000i\000c\000h\000i\000e\000r\000s}{}% 2
\BOOKMARK [1][-]{section.2.1}{\376\377\0002\000.\0001\000\040\000L\000i\000s\000t\000e\000\040\000d\000e\000s\000\040\000f\000i\000c\000h\000i\000e\000r\000s}{chapter.2}% 3
\BOOKMARK [0][-]{chapter.3}{\376\377\0003\000\040\000D\000o\000c\000u\000m\000e\000n\000t\000a\000t\000i\000o\000n\000\040\000d\000e\000s\000\040\000f\000i\000c\000h\000i\000e\000r\000s}{}% 4
\BOOKMARK [1][-]{section.3.1}{\376\377\0003\000.\0001\000\040\000R\000\351\000f\000\351\000r\000e\000n\000c\000e\000\040\000d\000u\000\040\000f\000i\000c\000h\000i\000e\000r\000\040\0004\0000\0004\000.\000p\000h\000p}{chapter.3}% 5
\BOOKMARK [2][-]{subsection.3.1.1}{\376\377\0003\000.\0001\000.\0001\000\040\000D\000e\000s\000c\000r\000i\000p\000t\000i\000o\000n\000\040\000d\000\351\000t\000a\000i\000l\000l\000\351\000e}{section.3.1}% 6
\BOOKMARK [1][-]{section.3.2}{\376\377\0003\000.\0002\000\040\000R\000\351\000f\000\351\000r\000e\000n\000c\000e\000\040\000d\000u\000\040\000f\000i\000c\000h\000i\000e\000r\000\040\000a\000d\000m\000i\000n\000i\000s\000t\000r\000a\000t\000i\000o\000n\000/\000a\000l\000b\000u\000m\000/\000a\000c\000t\000i\000o\000n\000A\000l\000b\000u\000m\000.\000p\000h\000p}{chapter.3}% 7
\BOOKMARK [2][-]{subsection.3.2.1}{\376\377\0003\000.\0002\000.\0001\000\040\000D\000e\000s\000c\000r\000i\000p\000t\000i\000o\000n\000\040\000d\000\351\000t\000a\000i\000l\000l\000\351\000e}{section.3.2}% 8
\BOOKMARK [1][-]{section.3.3}{\376\377\0003\000.\0003\000\040\000R\000\351\000f\000\351\000r\000e\000n\000c\000e\000\040\000d\000u\000\040\000f\000i\000c\000h\000i\000e\000r\000\040\000a\000d\000m\000i\000n\000i\000s\000t\000r\000a\000t\000i\000o\000n\000/\000a\000l\000b\000u\000m\000/\000a\000c\000t\000i\000o\000n\000A\000s\000s\000e\000m\000b\000l\000e\000r\000A\000l\000b\000u\000m\000.\000p\000h\000p}{chapter.3}% 9
\BOOKMARK [2][-]{subsection.3.3.1}{\376\377\0003\000.\0003\000.\0001\000\040\000D\000e\000s\000c\000r\000i\000p\000t\000i\000o\000n\000\040\000d\000\351\000t\000a\000i\000l\000l\000\351\000e}{section.3.3}% 10
\BOOKMARK [1][-]{section.3.4}{\376\377\0003\000.\0004\000\040\000R\000\351\000f\000\351\000r\000e\000n\000c\000e\000\040\000d\000u\000\040\000f\000i\000c\000h\000i\000e\000r\000\040\000a\000d\000m\000i\000n\000i\000s\000t\000r\000a\000t\000i\000o\000n\000/\000a\000l\000b\000u\000m\000/\000f\000o\000r\000m\000A\000l\000b\000u\000m\000.\000p\000h\000p}{chapter.3}% 11
\BOOKMARK [2][-]{subsection.3.4.1}{\376\377\0003\000.\0004\000.\0001\000\040\000D\000e\000s\000c\000r\000i\000p\000t\000i\000o\000n\000\040\000d\000\351\000t\000a\000i\000l\000l\000\351\000e}{section.3.4}% 12
\BOOKMARK [1][-]{section.3.5}{\376\377\0003\000.\0005\000\040\000R\000\351\000f\000\351\000r\000e\000n\000c\000e\000\040\000d\000u\000\040\000f\000i\000c\000h\000i\000e\000r\000\040\000a\000d\000m\000i\000n\000i\000s\000t\000r\000a\000t\000i\000o\000n\000/\000a\000l\000b\000u\000m\000/\000f\000o\000r\000m\000A\000s\000s\000e\000m\000b\000l\000e\000r\000A\000l\000b\000u\000m\000.\000p\000h\000p}{chapter.3}% 13
\BOOKMARK [2][-]{subsection.3.5.1}{\376\377\0003\000.\0005\000.\0001\000\040\000D\000e\000s\000c\000r\000i\000p\000t\000i\000o\000n\000\040\000d\000\351\000t\000a\000i\000l\000l\000\351\000e}{section.3.5}% 14
\BOOKMARK [1][-]{section.3.6}{\376\377\0003\000.\0006\000\040\000R\000\351\000f\000\351\000r\000e\000n\000c\000e\000\040\000d\000u\000\040\000f\000i\000c\000h\000i\000e\000r\000\040\000a\000d\000m\000i\000n\000i\000s\000t\000r\000a\000t\000i\000o\000n\000/\000a\000l\000b\000u\000m\000/\000g\000e\000s\000t\000i\000o\000n\000A\000l\000b\000u\000m\000.\000p\000h\000p}{chapter.3}% 15
\BOOKMARK [2][-]{subsection.3.6.1}{\376\377\0003\000.\0006\000.\0001\000\040\000D\000e\000s\000c\000r\000i\000p\000t\000i\000o\000n\000\040\000d\000\351\000t\000a\000i\000l\000l\000\351\000e}{section.3.6}% 16
\BOOKMARK [1][-]{section.3.7}{\376\377\0003\000.\0007\000\040\000R\000\351\000f\000\351\000r\000e\000n\000c\000e\000\040\000d\000u\000\040\000f\000i\000c\000h\000i\000e\000r\000\040\000a\000d\000m\000i\000n\000i\000s\000t\000r\000a\000t\000i\000o\000n\000/\000a\000l\000b\000u\000m\000/\000g\000e\000s\000t\000i\000o\000n\000A\000s\000s\000e\000m\000b\000l\000e\000r\000A\000l\000b\000u\000m\000.\000p\000h\000p}{chapter.3}% 17
\BOOKMARK [2][-]{subsection.3.7.1}{\376\377\0003\000.\0007\000.\0001\000\040\000D\000e\000s\000c\000r\000i\000p\000t\000i\000o\000n\000\040\000d\000\351\000t\000a\000i\000l\000l\000\351\000e}{section.3.7}% 18
\BOOKMARK [1][-]{section.3.8}{\376\377\0003\000.\0008\000\040\000R\000\351\000f\000\351\000r\000e\000n\000c\000e\000\040\000d\000u\000\040\000f\000i\000c\000h\000i\000e\000r\000\040\000a\000d\000m\000i\000n\000i\000s\000t\000r\000a\000t\000i\000o\000n\000/\000a\000l\000b\000u\000m\000/\000h\000e\000a\000d\000e\000r\000A\000l\000b\000u\000m\000.\000p\000h\000p}{chapter.3}% 19
\BOOKMARK [2][-]{subsection.3.8.1}{\376\377\0003\000.\0008\000.\0001\000\040\000D\000e\000s\000c\000r\000i\000p\000t\000i\000o\000n\000\040\000d\000\351\000t\000a\000i\000l\000l\000\351\000e}{section.3.8}% 20
\BOOKMARK [1][-]{section.3.9}{\376\377\0003\000.\0009\000\040\000R\000\351\000f\000\351\000r\000e\000n\000c\000e\000\040\000d\000u\000\040\000f\000i\000c\000h\000i\000e\000r\000\040\000a\000d\000m\000i\000n\000i\000s\000t\000r\000a\000t\000i\000o\000n\000/\000a\000l\000b\000u\000m\000/\000h\000e\000a\000d\000e\000r\000A\000s\000s\000e\000m\000b\000l\000e\000r\000A\000l\000b\000u\000m\000.\000p\000h\000p}{chapter.3}% 21
\BOOKMARK [2][-]{subsection.3.9.1}{\376\377\0003\000.\0009\000.\0001\000\040\000D\000e\000s\000c\000r\000i\000p\000t\000i\000o\000n\000\040\000d\000\351\000t\000a\000i\000l\000l\000\351\000e}{section.3.9}% 22
\BOOKMARK [1][-]{section.3.10}{\376\377\0003\000.\0001\0000\000\040\000R\000\351\000f\000\351\000r\000e\000n\000c\000e\000\040\000d\000u\000\040\000f\000i\000c\000h\000i\000e\000r\000\040\000a\000d\000m\000i\000n\000i\000s\000t\000r\000a\000t\000i\000o\000n\000/\000a\000r\000t\000i\000s\000t\000e\000/\000a\000c\000t\000i\000o\000n\000A\000r\000t\000i\000s\000t\000e\000.\000p\000h\000p}{chapter.3}% 23
\BOOKMARK [2][-]{subsection.3.10.1}{\376\377\0003\000.\0001\0000\000.\0001\000\040\000D\000e\000s\000c\000r\000i\000p\000t\000i\000o\000n\000\040\000d\000\351\000t\000a\000i\000l\000l\000\351\000e}{section.3.10}% 24
\BOOKMARK [1][-]{section.3.11}{\376\377\0003\000.\0001\0001\000\040\000R\000\351\000f\000\351\000r\000e\000n\000c\000e\000\040\000d\000u\000\040\000f\000i\000c\000h\000i\000e\000r\000\040\000a\000d\000m\000i\000n\000i\000s\000t\000r\000a\000t\000i\000o\000n\000/\000a\000r\000t\000i\000s\000t\000e\000/\000f\000o\000r\000m\000A\000r\000t\000i\000s\000t\000e\000.\000p\000h\000p}{chapter.3}% 25
\BOOKMARK [2][-]{subsection.3.11.1}{\376\377\0003\000.\0001\0001\000.\0001\000\040\000D\000e\000s\000c\000r\000i\000p\000t\000i\000o\000n\000\040\000d\000\351\000t\000a\000i\000l\000l\000\351\000e}{section.3.11}% 26
\BOOKMARK [1][-]{section.3.12}{\376\377\0003\000.\0001\0002\000\040\000R\000\351\000f\000\351\000r\000e\000n\000c\000e\000\040\000d\000u\000\040\000f\000i\000c\000h\000i\000e\000r\000\040\000a\000d\000m\000i\000n\000i\000s\000t\000r\000a\000t\000i\000o\000n\000/\000a\000r\000t\000i\000s\000t\000e\000/\000g\000e\000s\000t\000i\000o\000n\000A\000r\000t\000i\000s\000t\000e\000.\000p\000h\000p}{chapter.3}% 27
\BOOKMARK [2][-]{subsection.3.12.1}{\376\377\0003\000.\0001\0002\000.\0001\000\040\000D\000e\000s\000c\000r\000i\000p\000t\000i\000o\000n\000\040\000d\000\351\000t\000a\000i\000l\000l\000\351\000e}{section.3.12}% 28
\BOOKMARK [1][-]{section.3.13}{\376\377\0003\000.\0001\0003\000\040\000R\000\351\000f\000\351\000r\000e\000n\000c\000e\000\040\000d\000u\000\040\000f\000i\000c\000h\000i\000e\000r\000\040\000a\000d\000m\000i\000n\000i\000s\000t\000r\000a\000t\000i\000o\000n\000/\000a\000r\000t\000i\000s\000t\000e\000/\000h\000e\000a\000d\000e\000r\000A\000r\000t\000i\000s\000t\000e\000.\000p\000h\000p}{chapter.3}% 29
\BOOKMARK [2][-]{subsection.3.13.1}{\376\377\0003\000.\0001\0003\000.\0001\000\040\000D\000e\000s\000c\000r\000i\000p\000t\000i\000o\000n\000\040\000d\000\351\000t\000a\000i\000l\000l\000\351\000e}{section.3.13}% 30
\BOOKMARK [1][-]{section.3.14}{\376\377\0003\000.\0001\0004\000\040\000R\000\351\000f\000\351\000r\000e\000n\000c\000e\000\040\000d\000u\000\040\000f\000i\000c\000h\000i\000e\000r\000\040\000a\000d\000m\000i\000n\000i\000s\000t\000r\000a\000t\000i\000o\000n\000/\000g\000r\000o\000u\000p\000e\000/\000a\000c\000t\000i\000o\000n\000G\000r\000o\000u\000p\000e\000.\000p\000h\000p}{chapter.3}% 31
\BOOKMARK [2][-]{subsection.3.14.1}{\376\377\0003\000.\0001\0004\000.\0001\000\040\000D\000e\000s\000c\000r\000i\000p\000t\000i\000o\000n\000\040\000d\000\351\000t\000a\000i\000l\000l\000\351\000e}{section.3.14}% 32
\BOOKMARK [1][-]{section.3.15}{\376\377\0003\000.\0001\0005\000\040\000R\000\351\000f\000\351\000r\000e\000n\000c\000e\000\040\000d\000u\000\040\000f\000i\000c\000h\000i\000e\000r\000\040\000a\000d\000m\000i\000n\000i\000s\000t\000r\000a\000t\000i\000o\000n\000/\000g\000r\000o\000u\000p\000e\000/\000f\000o\000r\000m\000G\000r\000o\000u\000p\000e\000.\000p\000h\000p}{chapter.3}% 33
\BOOKMARK [2][-]{subsection.3.15.1}{\376\377\0003\000.\0001\0005\000.\0001\000\040\000D\000e\000s\000c\000r\000i\000p\000t\000i\000o\000n\000\040\000d\000\351\000t\000a\000i\000l\000l\000\351\000e}{section.3.15}% 34
\BOOKMARK [1][-]{section.3.16}{\376\377\0003\000.\0001\0006\000\040\000R\000\351\000f\000\351\000r\000e\000n\000c\000e\000\040\000d\000u\000\040\000f\000i\000c\000h\000i\000e\000r\000\040\000a\000d\000m\000i\000n\000i\000s\000t\000r\000a\000t\000i\000o\000n\000/\000g\000r\000o\000u\000p\000e\000/\000g\000e\000s\000t\000i\000o\000n\000G\000r\000o\000u\000p\000e\000.\000p\000h\000p}{chapter.3}% 35
\BOOKMARK [2][-]{subsection.3.16.1}{\376\377\0003\000.\0001\0006\000.\0001\000\040\000D\000e\000s\000c\000r\000i\000p\000t\000i\000o\000n\000\040\000d\000\351\000t\000a\000i\000l\000l\000\351\000e}{section.3.16}% 36
\BOOKMARK [1][-]{section.3.17}{\376\377\0003\000.\0001\0007\000\040\000R\000\351\000f\000\351\000r\000e\000n\000c\000e\000\040\000d\000u\000\040\000f\000i\000c\000h\000i\000e\000r\000\040\000a\000d\000m\000i\000n\000i\000s\000t\000r\000a\000t\000i\000o\000n\000/\000g\000r\000o\000u\000p\000e\000/\000h\000e\000a\000d\000e\000r\000G\000r\000o\000u\000p\000e\000.\000p\000h\000p}{chapter.3}% 37
\BOOKMARK [2][-]{subsection.3.17.1}{\376\377\0003\000.\0001\0007\000.\0001\000\040\000D\000e\000s\000c\000r\000i\000p\000t\000i\000o\000n\000\040\000d\000\351\000t\000a\000i\000l\000l\000\351\000e}{section.3.17}% 38
\BOOKMARK [1][-]{section.3.18}{\376\377\0003\000.\0001\0008\000\040\000R\000\351\000f\000\351\000r\000e\000n\000c\000e\000\040\000d\000u\000\040\000f\000i\000c\000h\000i\000e\000r\000\040\000c\000o\000m\000p\000t\000e\000/\000i\000n\000d\000e\000x\000.\000p\000h\000p}{chapter.3}% 39
\BOOKMARK [2][-]{subsection.3.18.1}{\376\377\0003\000.\0001\0008\000.\0001\000\040\000D\000e\000s\000c\000r\000i\000p\000t\000i\000o\000n\000\040\000d\000\351\000t\000a\000i\000l\000l\000\351\000e}{section.3.18}% 40
\BOOKMARK [1][-]{section.3.19}{\376\377\0003\000.\0001\0009\000\040\000R\000\351\000f\000\351\000r\000e\000n\000c\000e\000\040\000d\000u\000\040\000f\000i\000c\000h\000i\000e\000r\000\040\000a\000d\000m\000i\000n\000i\000s\000t\000r\000a\000t\000i\000o\000n\000/\000m\000u\000s\000i\000q\000u\000e\000/\000a\000c\000t\000i\000o\000n\000M\000u\000s\000i\000q\000u\000e\000.\000p\000h\000p}{chapter.3}% 41
\BOOKMARK [2][-]{subsection.3.19.1}{\376\377\0003\000.\0001\0009\000.\0001\000\040\000D\000e\000s\000c\000r\000i\000p\000t\000i\000o\000n\000\040\000d\000\351\000t\000a\000i\000l\000l\000\351\000e}{section.3.19}% 42
\BOOKMARK [1][-]{section.3.20}{\376\377\0003\000.\0002\0000\000\040\000R\000\351\000f\000\351\000r\000e\000n\000c\000e\000\040\000d\000u\000\040\000f\000i\000c\000h\000i\000e\000r\000\040\000a\000d\000m\000i\000n\000i\000s\000t\000r\000a\000t\000i\000o\000n\000/\000m\000u\000s\000i\000q\000u\000e\000/\000g\000e\000s\000t\000i\000o\000n\000M\000u\000s\000i\000q\000u\000e\000.\000p\000h\000p}{chapter.3}% 43
\BOOKMARK [2][-]{subsection.3.20.1}{\376\377\0003\000.\0002\0000\000.\0001\000\040\000D\000e\000s\000c\000r\000i\000p\000t\000i\000o\000n\000\040\000d\000\351\000t\000a\000i\000l\000l\000\351\000e}{section.3.20}% 44
\BOOKMARK [1][-]{section.3.21}{\376\377\0003\000.\0002\0001\000\040\000R\000\351\000f\000\351\000r\000e\000n\000c\000e\000\040\000d\000u\000\040\000f\000i\000c\000h\000i\000e\000r\000\040\000a\000d\000m\000i\000n\000i\000s\000t\000r\000a\000t\000i\000o\000n\000/\000m\000u\000s\000i\000q\000u\000e\000/\000h\000e\000a\000d\000e\000r\000M\000u\000s\000i\000q\000u\000e\000.\000p\000h\000p}{chapter.3}% 45
\BOOKMARK [2][-]{subsection.3.21.1}{\376\377\0003\000.\0002\0001\000.\0001\000\040\000D\000e\000s\000c\000r\000i\000p\000t\000i\000o\000n\000\040\000d\000\351\000t\000a\000i\000l\000l\000\351\000e}{section.3.21}% 46
\BOOKMARK [1][-]{section.3.22}{\376\377\0003\000.\0002\0002\000\040\000R\000\351\000f\000\351\000r\000e\000n\000c\000e\000\040\000d\000u\000\040\000f\000i\000c\000h\000i\000e\000r\000\040\000a\000d\000m\000i\000n\000i\000s\000t\000r\000a\000t\000i\000o\000n\000/\000r\000e\000c\000o\000m\000p\000e\000n\000s\000e\000/\000a\000c\000t\000i\000o\000n\000R\000e\000c\000o\000m\000p\000e\000n\000s\000e\000.\000p\000h\000p}{chapter.3}% 47
\BOOKMARK [2][-]{subsection.3.22.1}{\376\377\0003\000.\0002\0002\000.\0001\000\040\000D\000e\000s\000c\000r\000i\000p\000t\000i\000o\000n\000\040\000d\000\351\000t\000a\000i\000l\000l\000\351\000e}{section.3.22}% 48
\BOOKMARK [1][-]{section.3.23}{\376\377\0003\000.\0002\0003\000\040\000R\000\351\000f\000\351\000r\000e\000n\000c\000e\000\040\000d\000u\000\040\000f\000i\000c\000h\000i\000e\000r\000\040\000a\000d\000m\000i\000n\000i\000s\000t\000r\000a\000t\000i\000o\000n\000/\000r\000e\000c\000o\000m\000p\000e\000n\000s\000e\000/\000g\000e\000s\000t\000i\000o\000n\000R\000e\000c\000o\000m\000p\000e\000n\000s\000e\000.\000p\000h\000p}{chapter.3}% 49
\BOOKMARK [2][-]{subsection.3.23.1}{\376\377\0003\000.\0002\0003\000.\0001\000\040\000D\000e\000s\000c\000r\000i\000p\000t\000i\000o\000n\000\040\000d\000\351\000t\000a\000i\000l\000l\000\351\000e}{section.3.23}% 50
\BOOKMARK [1][-]{section.3.24}{\376\377\0003\000.\0002\0004\000\040\000R\000\351\000f\000\351\000r\000e\000n\000c\000e\000\040\000d\000u\000\040\000f\000i\000c\000h\000i\000e\000r\000\040\000a\000d\000m\000i\000n\000i\000s\000t\000r\000a\000t\000i\000o\000n\000/\000r\000e\000c\000o\000m\000p\000e\000n\000s\000e\000/\000h\000e\000a\000d\000e\000r\000R\000e\000c\000o\000m\000p\000e\000n\000s\000e\000.\000p\000h\000p}{chapter.3}% 51
\BOOKMARK [2][-]{subsection.3.24.1}{\376\377\0003\000.\0002\0004\000.\0001\000\040\000D\000e\000s\000c\000r\000i\000p\000t\000i\000o\000n\000\040\000d\000\351\000t\000a\000i\000l\000l\000\351\000e}{section.3.24}% 52
\BOOKMARK [1][-]{section.3.25}{\376\377\0003\000.\0002\0005\000\040\000R\000\351\000f\000\351\000r\000e\000n\000c\000e\000\040\000d\000u\000\040\000f\000i\000c\000h\000i\000e\000r\000\040\000a\000d\000m\000i\000n\000i\000s\000t\000r\000a\000t\000i\000o\000n\000/\000u\000t\000i\000l\000i\000s\000a\000t\000e\000u\000r\000/\000a\000c\000t\000i\000o\000n\000U\000t\000i\000l\000i\000s\000a\000t\000e\000u\000r\000.\000p\000h\000p}{chapter.3}% 53
\BOOKMARK [2][-]{subsection.3.25.1}{\376\377\0003\000.\0002\0005\000.\0001\000\040\000D\000e\000s\000c\000r\000i\000p\000t\000i\000o\000n\000\040\000d\000\351\000t\000a\000i\000l\000l\000\351\000e}{section.3.25}% 54
\BOOKMARK [1][-]{section.3.26}{\376\377\0003\000.\0002\0006\000\040\000R\000\351\000f\000\351\000r\000e\000n\000c\000e\000\040\000d\000u\000\040\000f\000i\000c\000h\000i\000e\000r\000\040\000a\000d\000m\000i\000n\000i\000s\000t\000r\000a\000t\000i\000o\000n\000/\000u\000t\000i\000l\000i\000s\000a\000t\000e\000u\000r\000/\000f\000o\000r\000m\000U\000t\000i\000l\000i\000s\000a\000t\000e\000u\000r\000.\000p\000h\000p}{chapter.3}% 55
\BOOKMARK [2][-]{subsection.3.26.1}{\376\377\0003\000.\0002\0006\000.\0001\000\040\000D\000e\000s\000c\000r\000i\000p\000t\000i\000o\000n\000\040\000d\000\351\000t\000a\000i\000l\000l\000\351\000e}{section.3.26}% 56
\BOOKMARK [1][-]{section.3.27}{\376\377\0003\000.\0002\0007\000\040\000R\000\351\000f\000\351\000r\000e\000n\000c\000e\000\040\000d\000u\000\040\000f\000i\000c\000h\000i\000e\000r\000\040\000a\000d\000m\000i\000n\000i\000s\000t\000r\000a\000t\000i\000o\000n\000/\000u\000t\000i\000l\000i\000s\000a\000t\000e\000u\000r\000/\000g\000e\000s\000t\000i\000o\000n\000U\000t\000i\000l\000i\000s\000a\000t\000e\000u\000r\000.\000p\000h\000p}{chapter.3}% 57
\BOOKMARK [2][-]{subsection.3.27.1}{\376\377\0003\000.\0002\0007\000.\0001\000\040\000D\000e\000s\000c\000r\000i\000p\000t\000i\000o\000n\000\040\000d\000\351\000t\000a\000i\000l\000l\000\351\000e}{section.3.27}% 58
\BOOKMARK [1][-]{section.3.28}{\376\377\0003\000.\0002\0008\000\040\000R\000\351\000f\000\351\000r\000e\000n\000c\000e\000\040\000d\000u\000\040\000f\000i\000c\000h\000i\000e\000r\000\040\000a\000d\000m\000i\000n\000i\000s\000t\000r\000a\000t\000i\000o\000n\000/\000u\000t\000i\000l\000i\000s\000a\000t\000e\000u\000r\000/\000h\000e\000a\000d\000e\000r\000U\000t\000i\000l\000i\000s\000a\000t\000e\000u\000r\000.\000p\000h\000p}{chapter.3}% 59
\BOOKMARK [2][-]{subsection.3.28.1}{\376\377\0003\000.\0002\0008\000.\0001\000\040\000D\000e\000s\000c\000r\000i\000p\000t\000i\000o\000n\000\040\000d\000\351\000t\000a\000i\000l\000l\000\351\000e}{section.3.28}% 60
\BOOKMARK [1][-]{section.3.29}{\376\377\0003\000.\0002\0009\000\040\000R\000\351\000f\000\351\000r\000e\000n\000c\000e\000\040\000d\000u\000\040\000f\000i\000c\000h\000i\000e\000r\000\040\000a\000l\000b\000u\000m\000.\000p\000h\000p}{chapter.3}% 61
\BOOKMARK [2][-]{subsection.3.29.1}{\376\377\0003\000.\0002\0009\000.\0001\000\040\000D\000e\000s\000c\000r\000i\000p\000t\000i\000o\000n\000\040\000d\000\351\000t\000a\000i\000l\000l\000\351\000e}{section.3.29}% 62
\BOOKMARK [2][-]{subsection.3.29.2}{\376\377\0003\000.\0002\0009\000.\0002\000\040\000D\000o\000c\000u\000m\000e\000n\000t\000a\000t\000i\000o\000n\000\040\000d\000e\000s\000\040\000v\000a\000r\000i\000a\000b\000l\000e\000s}{section.3.29}% 63
\BOOKMARK [3][-]{subsubsection.3.29.2.1}{\376\377\0003\000.\0002\0009\000.\0002\000.\0001\000\040\000e\000l\000s\000e}{subsection.3.29.2}% 64
\BOOKMARK [1][-]{section.3.30}{\376\377\0003\000.\0003\0000\000\040\000R\000\351\000f\000\351\000r\000e\000n\000c\000e\000\040\000d\000u\000\040\000f\000i\000c\000h\000i\000e\000r\000\040\000a\000P\000r\000o\000p\000o\000s\000.\000p\000h\000p}{chapter.3}% 65
\BOOKMARK [2][-]{subsection.3.30.1}{\376\377\0003\000.\0003\0000\000.\0001\000\040\000D\000e\000s\000c\000r\000i\000p\000t\000i\000o\000n\000\040\000d\000\351\000t\000a\000i\000l\000l\000\351\000e}{section.3.30}% 66
\BOOKMARK [1][-]{section.3.31}{\376\377\0003\000.\0003\0001\000\040\000R\000\351\000f\000\351\000r\000e\000n\000c\000e\000\040\000d\000u\000\040\000f\000i\000c\000h\000i\000e\000r\000\040\000a\000r\000t\000i\000s\000t\000e\000.\000p\000h\000p}{chapter.3}% 67
\BOOKMARK [2][-]{subsection.3.31.1}{\376\377\0003\000.\0003\0001\000.\0001\000\040\000D\000e\000s\000c\000r\000i\000p\000t\000i\000o\000n\000\040\000d\000\351\000t\000a\000i\000l\000l\000\351\000e}{section.3.31}% 68
\BOOKMARK [2][-]{subsection.3.31.2}{\376\377\0003\000.\0003\0001\000.\0002\000\040\000D\000o\000c\000u\000m\000e\000n\000t\000a\000t\000i\000o\000n\000\040\000d\000e\000s\000\040\000v\000a\000r\000i\000a\000b\000l\000e\000s}{section.3.31}% 69
\BOOKMARK [3][-]{subsubsection.3.31.2.1}{\376\377\0003\000.\0003\0001\000.\0002\000.\0001\000\040\000e\000l\000s\000e}{subsection.3.31.2}% 70
\BOOKMARK [1][-]{section.3.32}{\376\377\0003\000.\0003\0002\000\040\000R\000\351\000f\000\351\000r\000e\000n\000c\000e\000\040\000d\000u\000\040\000f\000i\000c\000h\000i\000e\000r\000\040\000b\000a\000r\000r\000e\000R\000e\000c\000h\000e\000r\000c\000h\000e\000.\000p\000h\000p}{chapter.3}% 71
\BOOKMARK [2][-]{subsection.3.32.1}{\376\377\0003\000.\0003\0002\000.\0001\000\040\000D\000e\000s\000c\000r\000i\000p\000t\000i\000o\000n\000\040\000d\000\351\000t\000a\000i\000l\000l\000\351\000e}{section.3.32}% 72
\BOOKMARK [1][-]{section.3.33}{\376\377\0003\000.\0003\0003\000\040\000R\000\351\000f\000\351\000r\000e\000n\000c\000e\000\040\000d\000u\000\040\000f\000i\000c\000h\000i\000e\000r\000\040\000b\000d\000d\000/\000c\000o\000n\000n\000e\000x\000i\000o\000n\000.\000p\000h\000p}{chapter.3}% 73
\BOOKMARK [2][-]{subsection.3.33.1}{\376\377\0003\000.\0003\0003\000.\0001\000\040\000D\000e\000s\000c\000r\000i\000p\000t\000i\000o\000n\000\040\000d\000\351\000t\000a\000i\000l\000l\000\351\000e}{section.3.33}% 74
\BOOKMARK [1][-]{section.3.34}{\376\377\0003\000.\0003\0004\000\040\000R\000\351\000f\000\351\000r\000e\000n\000c\000e\000\040\000d\000u\000\040\000f\000i\000c\000h\000i\000e\000r\000\040\000c\000o\000m\000p\000t\000e\000/\000c\000o\000n\000n\000e\000x\000i\000o\000n\000.\000p\000h\000p}{chapter.3}% 75
\BOOKMARK [2][-]{subsection.3.34.1}{\376\377\0003\000.\0003\0004\000.\0001\000\040\000D\000e\000s\000c\000r\000i\000p\000t\000i\000o\000n\000\040\000d\000\351\000t\000a\000i\000l\000l\000\351\000e}{section.3.34}% 76
\BOOKMARK [1][-]{section.3.35}{\376\377\0003\000.\0003\0005\000\040\000R\000\351\000f\000\351\000r\000e\000n\000c\000e\000\040\000d\000u\000\040\000f\000i\000c\000h\000i\000e\000r\000\040\000b\000d\000d\000/\000i\000n\000i\000t\000\137\000b\000d\000d\000.\000p\000h\000p}{chapter.3}% 77
\BOOKMARK [2][-]{subsection.3.35.1}{\376\377\0003\000.\0003\0005\000.\0001\000\040\000D\000e\000s\000c\000r\000i\000p\000t\000i\000o\000n\000\040\000d\000\351\000t\000a\000i\000l\000l\000\351\000e}{section.3.35}% 78
\BOOKMARK [1][-]{section.3.36}{\376\377\0003\000.\0003\0006\000\040\000R\000\351\000f\000\351\000r\000e\000n\000c\000e\000\040\000d\000u\000\040\000f\000i\000c\000h\000i\000e\000r\000\040\000c\000o\000m\000p\000t\000e\000/\000a\000c\000t\000i\000o\000n\000C\000o\000m\000p\000t\000e\000.\000p\000h\000p}{chapter.3}% 79
\BOOKMARK [2][-]{subsection.3.36.1}{\376\377\0003\000.\0003\0006\000.\0001\000\040\000D\000e\000s\000c\000r\000i\000p\000t\000i\000o\000n\000\040\000d\000\351\000t\000a\000i\000l\000l\000\351\000e}{section.3.36}% 80
\BOOKMARK [1][-]{section.3.37}{\376\377\0003\000.\0003\0007\000\040\000R\000\351\000f\000\351\000r\000e\000n\000c\000e\000\040\000d\000u\000\040\000f\000i\000c\000h\000i\000e\000r\000\040\000c\000o\000m\000p\000t\000e\000/\000d\000e\000c\000o\000n\000n\000e\000x\000i\000o\000n\000.\000p\000h\000p}{chapter.3}% 81
\BOOKMARK [2][-]{subsection.3.37.1}{\376\377\0003\000.\0003\0007\000.\0001\000\040\000D\000e\000s\000c\000r\000i\000p\000t\000i\000o\000n\000\040\000d\000\351\000t\000a\000i\000l\000l\000\351\000e}{section.3.37}% 82
\BOOKMARK [1][-]{section.3.38}{\376\377\0003\000.\0003\0008\000\040\000R\000\351\000f\000\351\000r\000e\000n\000c\000e\000\040\000d\000u\000\040\000f\000i\000c\000h\000i\000e\000r\000\040\000c\000o\000m\000p\000t\000e\000/\000f\000o\000r\000m\000M\000o\000t\000D\000e\000P\000a\000s\000s\000e\000.\000p\000h\000p}{chapter.3}% 83
\BOOKMARK [2][-]{subsection.3.38.1}{\376\377\0003\000.\0003\0008\000.\0001\000\040\000D\000e\000s\000c\000r\000i\000p\000t\000i\000o\000n\000\040\000d\000\351\000t\000a\000i\000l\000l\000\351\000e}{section.3.38}% 84
\BOOKMARK [1][-]{section.3.39}{\376\377\0003\000.\0003\0009\000\040\000R\000\351\000f\000\351\000r\000e\000n\000c\000e\000\040\000d\000u\000\040\000f\000i\000c\000h\000i\000e\000r\000\040\000c\000o\000m\000p\000t\000e\000/\000h\000e\000a\000d\000e\000r\000C\000o\000m\000p\000t\000e\000.\000p\000h\000p}{chapter.3}% 85
\BOOKMARK [2][-]{subsection.3.39.1}{\376\377\0003\000.\0003\0009\000.\0001\000\040\000D\000e\000s\000c\000r\000i\000p\000t\000i\000o\000n\000\040\000d\000\351\000t\000a\000i\000l\000l\000\351\000e}{section.3.39}% 86
\BOOKMARK [1][-]{section.3.40}{\376\377\0003\000.\0004\0000\000\040\000R\000\351\000f\000\351\000r\000e\000n\000c\000e\000\040\000d\000u\000\040\000f\000i\000c\000h\000i\000e\000r\000\040\000c\000o\000m\000p\000t\000e\000/\000i\000n\000s\000c\000r\000i\000p\000t\000i\000o\000n\000.\000p\000h\000p}{chapter.3}% 87
\BOOKMARK [2][-]{subsection.3.40.1}{\376\377\0003\000.\0004\0000\000.\0001\000\040\000D\000e\000s\000c\000r\000i\000p\000t\000i\000o\000n\000\040\000d\000\351\000t\000a\000i\000l\000l\000\351\000e}{section.3.40}% 88
\BOOKMARK [1][-]{section.3.41}{\376\377\0003\000.\0004\0001\000\040\000R\000\351\000f\000\351\000r\000e\000n\000c\000e\000\040\000d\000u\000\040\000f\000i\000c\000h\000i\000e\000r\000\040\000e\000v\000a\000l\000u\000a\000t\000i\000o\000n\000/\000a\000c\000t\000i\000o\000n\000E\000v\000a\000l\000u\000a\000t\000i\000o\000n\000.\000p\000h\000p}{chapter.3}% 89
\BOOKMARK [2][-]{subsection.3.41.1}{\376\377\0003\000.\0004\0001\000.\0001\000\040\000D\000e\000s\000c\000r\000i\000p\000t\000i\000o\000n\000\040\000d\000\351\000t\000a\000i\000l\000l\000\351\000e}{section.3.41}% 90
\BOOKMARK [1][-]{section.3.42}{\376\377\0003\000.\0004\0002\000\040\000R\000\351\000f\000\351\000r\000e\000n\000c\000e\000\040\000d\000u\000\040\000f\000i\000c\000h\000i\000e\000r\000\040\000e\000v\000a\000l\000u\000a\000t\000i\000o\000n\000/\000e\000v\000a\000l\000u\000a\000t\000i\000o\000n\000.\000p\000h\000p}{chapter.3}% 91
\BOOKMARK [2][-]{subsection.3.42.1}{\376\377\0003\000.\0004\0002\000.\0001\000\040\000D\000e\000s\000c\000r\000i\000p\000t\000i\000o\000n\000\040\000d\000\351\000t\000a\000i\000l\000l\000\351\000e}{section.3.42}% 92
\BOOKMARK [1][-]{section.3.43}{\376\377\0003\000.\0004\0003\000\040\000R\000\351\000f\000\351\000r\000e\000n\000c\000e\000\040\000d\000u\000\040\000f\000i\000c\000h\000i\000e\000r\000\040\000e\000v\000a\000l\000u\000a\000t\000i\000o\000n\000/\000f\000o\000r\000m\000E\000v\000a\000l\000u\000a\000t\000i\000o\000n\000.\000p\000h\000p}{chapter.3}% 93
\BOOKMARK [2][-]{subsection.3.43.1}{\376\377\0003\000.\0004\0003\000.\0001\000\040\000D\000e\000s\000c\000r\000i\000p\000t\000i\000o\000n\000\040\000d\000\351\000t\000a\000i\000l\000l\000\351\000e}{section.3.43}% 94
\BOOKMARK [1][-]{section.3.44}{\376\377\0003\000.\0004\0004\000\040\000R\000\351\000f\000\351\000r\000e\000n\000c\000e\000\040\000d\000u\000\040\000f\000i\000c\000h\000i\000e\000r\000\040\000e\000v\000a\000l\000u\000a\000t\000i\000o\000n\000/\000h\000e\000a\000d\000e\000r\000E\000v\000a\000l\000u\000a\000t\000i\000o\000n\000.\000p\000h\000p}{chapter.3}% 95
\BOOKMARK [2][-]{subsection.3.44.1}{\376\377\0003\000.\0004\0004\000.\0001\000\040\000D\000e\000s\000c\000r\000i\000p\000t\000i\000o\000n\000\040\000d\000\351\000t\000a\000i\000l\000l\000\351\000e}{section.3.44}% 96
\BOOKMARK [1][-]{section.3.45}{\376\377\0003\000.\0004\0005\000\040\000R\000\351\000f\000\351\000r\000e\000n\000c\000e\000\040\000d\000u\000\040\000f\000i\000c\000h\000i\000e\000r\000\040\000f\000o\000n\000c\000t\000i\000o\000n\000s\000/\000f\000o\000n\000c\000t\000i\000o\000n\000A\000l\000b\000u\000m\000.\000p\000h\000p}{chapter.3}% 97
\BOOKMARK [2][-]{subsection.3.45.1}{\376\377\0003\000.\0004\0005\000.\0001\000\040\000D\000e\000s\000c\000r\000i\000p\000t\000i\000o\000n\000\040\000d\000\351\000t\000a\000i\000l\000l\000\351\000e}{section.3.45}% 98
\BOOKMARK [2][-]{subsection.3.45.2}{\376\377\0003\000.\0004\0005\000.\0002\000\040\000D\000o\000c\000u\000m\000e\000n\000t\000a\000t\000i\000o\000n\000\040\000d\000e\000s\000\040\000f\000o\000n\000c\000t\000i\000o\000n\000s}{section.3.45}% 99
\BOOKMARK [3][-]{subsubsection.3.45.2.1}{\376\377\0003\000.\0004\0005\000.\0002\000.\0001\000\040\000a\000j\000o\000u\000t\000e\000r\000\137\000a\000l\000b\000u\000m\000\050\000\051}{subsection.3.45.2}% 100
\BOOKMARK [3][-]{subsubsection.3.45.2.2}{\376\377\0003\000.\0004\0005\000.\0002\000.\0002\000\040\000a\000j\000o\000u\000t\000e\000r\000\137\000a\000s\000s\000e\000m\000b\000l\000e\000r\000\137\000a\000l\000b\000u\000m\000\050\000\051}{subsection.3.45.2}% 101
\BOOKMARK [3][-]{subsubsection.3.45.2.3}{\376\377\0003\000.\0004\0005\000.\0002\000.\0003\000\040\000a\000j\000o\000u\000t\000e\000r\000\137\000c\000o\000m\000p\000o\000s\000e\000r\000\137\000a\000l\000b\000u\000m\000\050\000\051}{subsection.3.45.2}% 102
\BOOKMARK [3][-]{subsubsection.3.45.2.4}{\376\377\0003\000.\0004\0005\000.\0002\000.\0004\000\040\000a\000j\000o\000u\000t\000e\000r\000\137\000c\000o\000m\000p\000o\000s\000e\000r\000\137\000a\000l\000b\000u\000m\000G\000r\000\050\000\051}{subsection.3.45.2}% 103
\BOOKMARK [3][-]{subsubsection.3.45.2.5}{\376\377\0003\000.\0004\0005\000.\0002\000.\0005\000\040\000m\000o\000d\000i\000f\000i\000e\000r\000\137\000a\000l\000b\000u\000m\000\050\000\051}{subsection.3.45.2}% 104
\BOOKMARK [3][-]{subsubsection.3.45.2.6}{\376\377\0003\000.\0004\0005\000.\0002\000.\0006\000\040\000m\000o\000d\000i\000f\000i\000e\000r\000\137\000a\000s\000s\000e\000m\000b\000l\000e\000r\000\137\000a\000l\000b\000u\000m\000\050\000\051}{subsection.3.45.2}% 105
\BOOKMARK [3][-]{subsubsection.3.45.2.7}{\376\377\0003\000.\0004\0005\000.\0002\000.\0007\000\040\000r\000e\000c\000u\000p\000e\000r\000e\000r\000\137\000a\000l\000b\000u\000m\000\050\000\051}{subsection.3.45.2}% 106
\BOOKMARK [3][-]{subsubsection.3.45.2.8}{\376\377\0003\000.\0004\0005\000.\0002\000.\0008\000\040\000r\000e\000c\000u\000p\000e\000r\000e\000r\000\137\000a\000l\000b\000u\000m\000\137\000t\000o\000u\000s\000\050\000\051}{subsection.3.45.2}% 107
\BOOKMARK [3][-]{subsubsection.3.45.2.9}{\376\377\0003\000.\0004\0005\000.\0002\000.\0009\000\040\000r\000e\000c\000u\000p\000e\000r\000e\000r\000\137\000a\000r\000t\000i\000s\000t\000e\000\137\000a\000l\000b\000u\000m\000\050\000\051}{subsection.3.45.2}% 108
\BOOKMARK [3][-]{subsubsection.3.45.2.10}{\376\377\0003\000.\0004\0005\000.\0002\000.\0001\0000\000\040\000r\000e\000c\000u\000p\000e\000r\000e\000r\000\137\000a\000s\000s\000e\000m\000b\000l\000e\000r\000\137\000a\000l\000b\000u\000m\000\050\000\051}{subsection.3.45.2}% 109
\BOOKMARK [3][-]{subsubsection.3.45.2.11}{\376\377\0003\000.\0004\0005\000.\0002\000.\0001\0001\000\040\000r\000e\000c\000u\000p\000e\000r\000e\000r\000\137\000c\000o\000m\000p\000o\000s\000e\000r\000\137\000a\000l\000b\000u\000m\000\050\000\051}{subsection.3.45.2}% 110
\BOOKMARK [3][-]{subsubsection.3.45.2.12}{\376\377\0003\000.\0004\0005\000.\0002\000.\0001\0002\000\040\000r\000e\000c\000u\000p\000e\000r\000e\000r\000\137\000c\000o\000m\000p\000o\000s\000e\000r\000\137\000a\000l\000b\000u\000m\000G\000r\000\050\000\051}{subsection.3.45.2}% 111
\BOOKMARK [3][-]{subsubsection.3.45.2.13}{\376\377\0003\000.\0004\0005\000.\0002\000.\0001\0003\000\040\000r\000e\000c\000u\000p\000e\000r\000e\000r\000\137\000g\000r\000o\000u\000p\000e\000\137\000a\000l\000b\000u\000m\000\050\000\051}{subsection.3.45.2}% 112
\BOOKMARK [3][-]{subsubsection.3.45.2.14}{\376\377\0003\000.\0004\0005\000.\0002\000.\0001\0004\000\040\000r\000e\000c\000u\000p\000e\000r\000e\000r\000\137\000m\000u\000s\000i\000q\000u\000e\000\137\000a\000l\000b\000u\000m\000\050\000\051}{subsection.3.45.2}% 113
\BOOKMARK [3][-]{subsubsection.3.45.2.15}{\376\377\0003\000.\0004\0005\000.\0002\000.\0001\0005\000\040\000s\000u\000p\000p\000r\000i\000m\000e\000r\000\137\000a\000l\000b\000u\000m\000\050\000\051}{subsection.3.45.2}% 114
\BOOKMARK [3][-]{subsubsection.3.45.2.16}{\376\377\0003\000.\0004\0005\000.\0002\000.\0001\0006\000\040\000s\000u\000p\000p\000r\000i\000m\000e\000r\000\137\000a\000s\000s\000e\000m\000b\000l\000e\000r\000\137\000a\000l\000b\000u\000m\000\050\000\051}{subsection.3.45.2}% 115
\BOOKMARK [3][-]{subsubsection.3.45.2.17}{\376\377\0003\000.\0004\0005\000.\0002\000.\0001\0007\000\040\000s\000u\000p\000p\000r\000i\000m\000e\000r\000\137\000a\000s\000s\000e\000m\000b\000l\000e\000r\000\137\000a\000l\000b\000u\000m\000\137\000t\000o\000u\000s\000\050\000\051}{subsection.3.45.2}% 116
\BOOKMARK [3][-]{subsubsection.3.45.2.18}{\376\377\0003\000.\0004\0005\000.\0002\000.\0001\0008\000\040\000s\000u\000p\000p\000r\000i\000m\000e\000r\000\137\000c\000o\000m\000p\000o\000s\000e\000r\000\137\000a\000l\000b\000u\000m\000\137\000t\000o\000u\000s\000\050\000\051}{subsection.3.45.2}% 117
\BOOKMARK [3][-]{subsubsection.3.45.2.19}{\376\377\0003\000.\0004\0005\000.\0002\000.\0001\0009\000\040\000s\000u\000p\000p\000r\000i\000m\000e\000r\000\137\000c\000o\000m\000p\000o\000s\000e\000r\000\137\000a\000l\000b\000u\000m\000G\000r\000\137\000t\000o\000u\000s\000\050\000\051}{subsection.3.45.2}% 118
\BOOKMARK [1][-]{section.3.46}{\376\377\0003\000.\0004\0006\000\040\000R\000\351\000f\000\351\000r\000e\000n\000c\000e\000\040\000d\000u\000\040\000f\000i\000c\000h\000i\000e\000r\000\040\000f\000o\000n\000c\000t\000i\000o\000n\000s\000/\000f\000o\000n\000c\000t\000i\000o\000n\000A\000r\000t\000i\000s\000t\000e\000.\000p\000h\000p}{chapter.3}% 119
\BOOKMARK [2][-]{subsection.3.46.1}{\376\377\0003\000.\0004\0006\000.\0001\000\040\000D\000e\000s\000c\000r\000i\000p\000t\000i\000o\000n\000\040\000d\000\351\000t\000a\000i\000l\000l\000\351\000e}{section.3.46}% 120
\BOOKMARK [2][-]{subsection.3.46.2}{\376\377\0003\000.\0004\0006\000.\0002\000\040\000D\000o\000c\000u\000m\000e\000n\000t\000a\000t\000i\000o\000n\000\040\000d\000e\000s\000\040\000f\000o\000n\000c\000t\000i\000o\000n\000s}{section.3.46}% 121
\BOOKMARK [3][-]{subsubsection.3.46.2.1}{\376\377\0003\000.\0004\0006\000.\0002\000.\0001\000\040\000a\000j\000o\000u\000t\000e\000r\000\137\000a\000r\000t\000i\000s\000t\000e\000\050\000\051}{subsection.3.46.2}% 122
\BOOKMARK [3][-]{subsubsection.3.46.2.2}{\376\377\0003\000.\0004\0006\000.\0002\000.\0002\000\040\000m\000o\000d\000i\000f\000i\000e\000r\000\137\000a\000r\000t\000i\000s\000t\000e\000\050\000\051}{subsection.3.46.2}% 123
\BOOKMARK [3][-]{subsubsection.3.46.2.3}{\376\377\0003\000.\0004\0006\000.\0002\000.\0003\000\040\000r\000e\000c\000u\000p\000e\000r\000e\000r\000\137\000a\000r\000t\000i\000s\000t\000e\000\137\000t\000o\000u\000s\000\050\000\051}{subsection.3.46.2}% 124
\BOOKMARK [3][-]{subsubsection.3.46.2.4}{\376\377\0003\000.\0004\0006\000.\0002\000.\0004\000\040\000r\000e\000c\000u\000p\000e\000r\000e\000r\000\137\000g\000r\000o\000u\000p\000e\000\137\000a\000r\000t\000i\000s\000t\000e\000\050\000\051}{subsection.3.46.2}% 125
\BOOKMARK [3][-]{subsubsection.3.46.2.5}{\376\377\0003\000.\0004\0006\000.\0002\000.\0005\000\040\000r\000e\000c\000u\000p\000e\000r\000e\000r\000\137\000m\000u\000s\000i\000q\000u\000e\000\137\000a\000l\000b\000u\000m\000\137\000a\000r\000t\000i\000s\000t\000e\000\050\000\051}{subsection.3.46.2}% 126
\BOOKMARK [3][-]{subsubsection.3.46.2.6}{\376\377\0003\000.\0004\0006\000.\0002\000.\0006\000\040\000r\000e\000c\000u\000p\000e\000r\000e\000r\000\137\000m\000u\000s\000i\000q\000u\000e\000\137\000a\000r\000t\000i\000s\000t\000e\000\050\000\051}{subsection.3.46.2}% 127
\BOOKMARK [3][-]{subsubsection.3.46.2.7}{\376\377\0003\000.\0004\0006\000.\0002\000.\0007\000\040\000r\000e\000c\000u\000p\000e\000r\000e\000r\000\137\000r\000e\000c\000o\000m\000p\000e\000n\000s\000e\000\137\000a\000r\000t\000i\000s\000t\000e\000\050\000\051}{subsection.3.46.2}% 128
\BOOKMARK [3][-]{subsubsection.3.46.2.8}{\376\377\0003\000.\0004\0006\000.\0002\000.\0008\000\040\000s\000u\000p\000p\000r\000i\000m\000e\000r\000\137\000a\000r\000t\000i\000s\000t\000e\000\050\000\051}{subsection.3.46.2}% 129
\BOOKMARK [1][-]{section.3.47}{\376\377\0003\000.\0004\0007\000\040\000R\000\351\000f\000\351\000r\000e\000n\000c\000e\000\040\000d\000u\000\040\000f\000i\000c\000h\000i\000e\000r\000\040\000f\000o\000n\000c\000t\000i\000o\000n\000s\000/\000f\000o\000n\000c\000t\000i\000o\000n\000C\000o\000m\000p\000t\000e\000.\000p\000h\000p}{chapter.3}% 130
\BOOKMARK [2][-]{subsection.3.47.1}{\376\377\0003\000.\0004\0007\000.\0001\000\040\000D\000e\000s\000c\000r\000i\000p\000t\000i\000o\000n\000\040\000d\000\351\000t\000a\000i\000l\000l\000\351\000e}{section.3.47}% 131
\BOOKMARK [2][-]{subsection.3.47.2}{\376\377\0003\000.\0004\0007\000.\0002\000\040\000D\000o\000c\000u\000m\000e\000n\000t\000a\000t\000i\000o\000n\000\040\000d\000e\000s\000\040\000f\000o\000n\000c\000t\000i\000o\000n\000s}{section.3.47}% 132
\BOOKMARK [3][-]{subsubsection.3.47.2.1}{\376\377\0003\000.\0004\0007\000.\0002\000.\0001\000\040\000a\000j\000o\000u\000t\000e\000r\000\137\000u\000t\000i\000l\000i\000s\000a\000t\000e\000u\000r\000\050\000\051}{subsection.3.47.2}% 133
\BOOKMARK [3][-]{subsubsection.3.47.2.2}{\376\377\0003\000.\0004\0007\000.\0002\000.\0002\000\040\000c\000o\000n\000n\000e\000x\000i\000o\000n\000\137\000c\000o\000m\000p\000t\000e\000\050\000\051}{subsection.3.47.2}% 134
\BOOKMARK [3][-]{subsubsection.3.47.2.3}{\376\377\0003\000.\0004\0007\000.\0002\000.\0003\000\040\000i\000n\000s\000c\000r\000i\000p\000t\000i\000o\000n\000\050\000\051}{subsection.3.47.2}% 135
\BOOKMARK [3][-]{subsubsection.3.47.2.4}{\376\377\0003\000.\0004\0007\000.\0002\000.\0004\000\040\000i\000s\000\137\000a\000d\000m\000i\000n\000\050\000\051}{subsection.3.47.2}% 136
\BOOKMARK [3][-]{subsubsection.3.47.2.5}{\376\377\0003\000.\0004\0007\000.\0002\000.\0005\000\040\000i\000s\000\137\000c\000o\000n\000n\000e\000c\000t\000\050\000\051}{subsection.3.47.2}% 137
\BOOKMARK [3][-]{subsubsection.3.47.2.6}{\376\377\0003\000.\0004\0007\000.\0002\000.\0006\000\040\000m\000o\000d\000i\000f\000i\000e\000r\000\137\000m\000o\000t\000d\000e\000p\000a\000s\000s\000e\000\137\000u\000t\000i\000l\000i\000s\000a\000t\000e\000u\000r\000\050\000\051}{subsection.3.47.2}% 138
\BOOKMARK [3][-]{subsubsection.3.47.2.7}{\376\377\0003\000.\0004\0007\000.\0002\000.\0007\000\040\000m\000o\000d\000i\000f\000i\000e\000r\000\137\000s\000t\000a\000t\000u\000t\000\137\000u\000t\000i\000l\000i\000s\000a\000t\000e\000u\000r\000\050\000\051}{subsection.3.47.2}% 139
\BOOKMARK [3][-]{subsubsection.3.47.2.8}{\376\377\0003\000.\0004\0007\000.\0002\000.\0008\000\040\000r\000e\000c\000u\000p\000e\000r\000e\000r\000\137\000u\000t\000i\000l\000i\000s\000a\000t\000e\000u\000r\000\050\000\051}{subsection.3.47.2}% 140
\BOOKMARK [3][-]{subsubsection.3.47.2.9}{\376\377\0003\000.\0004\0007\000.\0002\000.\0009\000\040\000r\000e\000c\000u\000p\000e\000r\000e\000r\000\137\000u\000t\000i\000l\000i\000s\000a\000t\000e\000u\000r\000\137\000t\000o\000u\000s\000\050\000\051}{subsection.3.47.2}% 141
\BOOKMARK [3][-]{subsubsection.3.47.2.10}{\376\377\0003\000.\0004\0007\000.\0002\000.\0001\0000\000\040\000s\000u\000p\000p\000r\000i\000m\000e\000r\000\137\000u\000t\000i\000l\000i\000s\000a\000t\000e\000u\000r\000\050\000\051}{subsection.3.47.2}% 142
\BOOKMARK [1][-]{section.3.48}{\376\377\0003\000.\0004\0008\000\040\000R\000\351\000f\000\351\000r\000e\000n\000c\000e\000\040\000d\000u\000\040\000f\000i\000c\000h\000i\000e\000r\000\040\000f\000o\000n\000c\000t\000i\000o\000n\000s\000/\000f\000o\000n\000c\000t\000i\000o\000n\000E\000v\000a\000l\000u\000e\000r\000.\000p\000h\000p}{chapter.3}% 143
\BOOKMARK [2][-]{subsection.3.48.1}{\376\377\0003\000.\0004\0008\000.\0001\000\040\000D\000e\000s\000c\000r\000i\000p\000t\000i\000o\000n\000\040\000d\000\351\000t\000a\000i\000l\000l\000\351\000e}{section.3.48}% 144
\BOOKMARK [2][-]{subsection.3.48.2}{\376\377\0003\000.\0004\0008\000.\0002\000\040\000D\000o\000c\000u\000m\000e\000n\000t\000a\000t\000i\000o\000n\000\040\000d\000e\000s\000\040\000f\000o\000n\000c\000t\000i\000o\000n\000s}{section.3.48}% 145
\BOOKMARK [3][-]{subsubsection.3.48.2.1}{\376\377\0003\000.\0004\0008\000.\0002\000.\0001\000\040\000a\000j\000o\000u\000t\000e\000r\000\137\000e\000v\000a\000l\000u\000a\000t\000i\000o\000n\000\137\000a\000l\000b\000u\000m\000\050\000\051}{subsection.3.48.2}% 146
\BOOKMARK [3][-]{subsubsection.3.48.2.2}{\376\377\0003\000.\0004\0008\000.\0002\000.\0002\000\040\000a\000j\000o\000u\000t\000e\000r\000\137\000e\000v\000a\000l\000u\000a\000t\000i\000o\000n\000\137\000m\000u\000s\000i\000q\000u\000e\000\050\000\051}{subsection.3.48.2}% 147
\BOOKMARK [3][-]{subsubsection.3.48.2.3}{\376\377\0003\000.\0004\0008\000.\0002\000.\0003\000\040\000r\000e\000c\000u\000p\000e\000r\000e\000r\000\137\000e\000v\000a\000l\000u\000a\000t\000i\000o\000n\000\137\000a\000l\000b\000u\000m\000\137\000t\000o\000u\000s\000\050\000\051}{subsection.3.48.2}% 148
\BOOKMARK [3][-]{subsubsection.3.48.2.4}{\376\377\0003\000.\0004\0008\000.\0002\000.\0004\000\040\000r\000e\000c\000u\000p\000e\000r\000e\000r\000\137\000e\000v\000a\000l\000u\000a\000t\000i\000o\000n\000\137\000m\000u\000s\000i\000q\000u\000e\000\137\000t\000o\000u\000s\000\050\000\051}{subsection.3.48.2}% 149
\BOOKMARK [3][-]{subsubsection.3.48.2.5}{\376\377\0003\000.\0004\0008\000.\0002\000.\0005\000\040\000s\000u\000p\000p\000r\000i\000m\000e\000r\000\137\000e\000v\000a\000l\000u\000a\000t\000i\000o\000n\000\137\000a\000l\000b\000u\000m\000\050\000\051}{subsection.3.48.2}% 150
\BOOKMARK [3][-]{subsubsection.3.48.2.6}{\376\377\0003\000.\0004\0008\000.\0002\000.\0006\000\040\000s\000u\000p\000p\000r\000i\000m\000e\000r\000\137\000e\000v\000a\000l\000u\000a\000t\000i\000o\000n\000\137\000m\000u\000s\000i\000q\000u\000e\000\050\000\051}{subsection.3.48.2}% 151
\BOOKMARK [1][-]{section.3.49}{\376\377\0003\000.\0004\0009\000\040\000R\000\351\000f\000\351\000r\000e\000n\000c\000e\000\040\000d\000u\000\040\000f\000i\000c\000h\000i\000e\000r\000\040\000f\000o\000n\000c\000t\000i\000o\000n\000s\000/\000f\000o\000n\000c\000t\000i\000o\000n\000G\000e\000n\000r\000e\000.\000p\000h\000p}{chapter.3}% 152
\BOOKMARK [2][-]{subsection.3.49.1}{\376\377\0003\000.\0004\0009\000.\0001\000\040\000D\000e\000s\000c\000r\000i\000p\000t\000i\000o\000n\000\040\000d\000\351\000t\000a\000i\000l\000l\000\351\000e}{section.3.49}% 153
\BOOKMARK [2][-]{subsection.3.49.2}{\376\377\0003\000.\0004\0009\000.\0002\000\040\000D\000o\000c\000u\000m\000e\000n\000t\000a\000t\000i\000o\000n\000\040\000d\000e\000s\000\040\000f\000o\000n\000c\000t\000i\000o\000n\000s}{section.3.49}% 154
\BOOKMARK [3][-]{subsubsection.3.49.2.1}{\376\377\0003\000.\0004\0009\000.\0002\000.\0001\000\040\000a\000j\000o\000u\000t\000e\000r\000\137\000g\000e\000n\000r\000e\000\050\000\051}{subsection.3.49.2}% 155
\BOOKMARK [3][-]{subsubsection.3.49.2.2}{\376\377\0003\000.\0004\0009\000.\0002\000.\0002\000\040\000r\000e\000c\000u\000p\000e\000r\000e\000r\000\137\000g\000e\000n\000r\000e\000\137\000m\000u\000s\000i\000q\000u\000e\000\050\000\051}{subsection.3.49.2}% 156
\BOOKMARK [3][-]{subsubsection.3.49.2.3}{\376\377\0003\000.\0004\0009\000.\0002\000.\0003\000\040\000s\000u\000p\000p\000r\000i\000m\000e\000r\000\137\000g\000e\000n\000r\000e\000\137\000t\000o\000u\000s\000\050\000\051}{subsection.3.49.2}% 157
\BOOKMARK [1][-]{section.3.50}{\376\377\0003\000.\0005\0000\000\040\000R\000\351\000f\000\351\000r\000e\000n\000c\000e\000\040\000d\000u\000\040\000f\000i\000c\000h\000i\000e\000r\000\040\000f\000o\000n\000c\000t\000i\000o\000n\000s\000/\000f\000o\000n\000c\000t\000i\000o\000n\000G\000r\000o\000u\000p\000e\000.\000p\000h\000p}{chapter.3}% 158
\BOOKMARK [2][-]{subsection.3.50.1}{\376\377\0003\000.\0005\0000\000.\0001\000\040\000D\000e\000s\000c\000r\000i\000p\000t\000i\000o\000n\000\040\000d\000\351\000t\000a\000i\000l\000l\000\351\000e}{section.3.50}% 159
\BOOKMARK [2][-]{subsection.3.50.2}{\376\377\0003\000.\0005\0000\000.\0002\000\040\000D\000o\000c\000u\000m\000e\000n\000t\000a\000t\000i\000o\000n\000\040\000d\000e\000s\000\040\000f\000o\000n\000c\000t\000i\000o\000n\000s}{section.3.50}% 160
\BOOKMARK [3][-]{subsubsection.3.50.2.1}{\376\377\0003\000.\0005\0000\000.\0002\000.\0001\000\040\000a\000j\000o\000u\000t\000e\000r\000\137\000c\000o\000n\000s\000t\000i\000t\000u\000e\000r\000\137\000g\000r\000o\000u\000p\000e\000\050\000\051}{subsection.3.50.2}% 161
\BOOKMARK [3][-]{subsubsection.3.50.2.2}{\376\377\0003\000.\0005\0000\000.\0002\000.\0002\000\040\000a\000j\000o\000u\000t\000e\000r\000\137\000g\000r\000o\000u\000p\000e\000\050\000\051}{subsection.3.50.2}% 162
\BOOKMARK [3][-]{subsubsection.3.50.2.3}{\376\377\0003\000.\0005\0000\000.\0002\000.\0003\000\040\000m\000o\000d\000i\000f\000i\000e\000r\000\137\000g\000r\000o\000u\000p\000e\000\050\000\051}{subsection.3.50.2}% 163
\BOOKMARK [3][-]{subsubsection.3.50.2.4}{\376\377\0003\000.\0005\0000\000.\0002\000.\0004\000\040\000r\000e\000c\000u\000p\000e\000r\000e\000r\000\137\000a\000r\000t\000i\000s\000t\000e\000\137\000g\000r\000o\000u\000p\000e\000\050\000\051}{subsection.3.50.2}% 164
\BOOKMARK [3][-]{subsubsection.3.50.2.5}{\376\377\0003\000.\0005\0000\000.\0002\000.\0005\000\040\000r\000e\000c\000u\000p\000e\000r\000e\000r\000\137\000c\000o\000n\000s\000t\000i\000t\000u\000e\000r\000\137\000g\000r\000o\000u\000p\000e\000\050\000\051}{subsection.3.50.2}% 165
\BOOKMARK [3][-]{subsubsection.3.50.2.6}{\376\377\0003\000.\0005\0000\000.\0002\000.\0006\000\040\000r\000e\000c\000u\000p\000e\000r\000e\000r\000\137\000g\000r\000o\000u\000p\000e\000\050\000\051}{subsection.3.50.2}% 166
\BOOKMARK [3][-]{subsubsection.3.50.2.7}{\376\377\0003\000.\0005\0000\000.\0002\000.\0007\000\040\000r\000e\000c\000u\000p\000e\000r\000e\000r\000\137\000g\000r\000o\000u\000p\000e\000\137\000t\000o\000u\000s\000\050\000\051}{subsection.3.50.2}% 167
\BOOKMARK [3][-]{subsubsection.3.50.2.8}{\376\377\0003\000.\0005\0000\000.\0002\000.\0008\000\040\000r\000e\000c\000u\000p\000e\000r\000e\000r\000\137\000m\000u\000s\000i\000q\000u\000e\000\137\000a\000l\000b\000u\000m\000\137\000g\000r\000o\000u\000p\000e\000\050\000\051}{subsection.3.50.2}% 168
\BOOKMARK [3][-]{subsubsection.3.50.2.9}{\376\377\0003\000.\0005\0000\000.\0002\000.\0009\000\040\000r\000e\000c\000u\000p\000e\000r\000e\000r\000\137\000m\000u\000s\000i\000q\000u\000e\000\137\000g\000r\000o\000u\000p\000e\000\050\000\051}{subsection.3.50.2}% 169
\BOOKMARK [3][-]{subsubsection.3.50.2.10}{\376\377\0003\000.\0005\0000\000.\0002\000.\0001\0000\000\040\000s\000u\000p\000p\000r\000i\000m\000e\000r\000\137\000c\000o\000n\000s\000t\000i\000t\000u\000e\000r\000\137\000g\000r\000o\000u\000p\000e\000\137\000t\000o\000u\000s\000\050\000\051}{subsection.3.50.2}% 170
\BOOKMARK [3][-]{subsubsection.3.50.2.11}{\376\377\0003\000.\0005\0000\000.\0002\000.\0001\0001\000\040\000s\000u\000p\000p\000r\000i\000m\000e\000r\000\137\000g\000r\000o\000u\000p\000e\000\050\000\051}{subsection.3.50.2}% 171
\BOOKMARK [1][-]{section.3.51}{\376\377\0003\000.\0005\0001\000\040\000R\000\351\000f\000\351\000r\000e\000n\000c\000e\000\040\000d\000u\000\040\000f\000i\000c\000h\000i\000e\000r\000\040\000f\000o\000n\000c\000t\000i\000o\000n\000s\000/\000f\000o\000n\000c\000t\000i\000o\000n\000M\000u\000s\000i\000q\000u\000e\000.\000p\000h\000p}{chapter.3}% 172
\BOOKMARK [2][-]{subsection.3.51.1}{\376\377\0003\000.\0005\0001\000.\0001\000\040\000D\000e\000s\000c\000r\000i\000p\000t\000i\000o\000n\000\040\000d\000\351\000t\000a\000i\000l\000l\000\351\000e}{section.3.51}% 173
\BOOKMARK [2][-]{subsection.3.51.2}{\376\377\0003\000.\0005\0001\000.\0002\000\040\000D\000o\000c\000u\000m\000e\000n\000t\000a\000t\000i\000o\000n\000\040\000d\000e\000s\000\040\000f\000o\000n\000c\000t\000i\000o\000n\000s}{section.3.51}% 174
\BOOKMARK [3][-]{subsubsection.3.51.2.1}{\376\377\0003\000.\0005\0001\000.\0002\000.\0001\000\040\000a\000j\000o\000u\000t\000e\000r\000\137\000c\000o\000m\000p\000o\000s\000e\000r\000\137\000m\000u\000s\000i\000q\000u\000e\000\050\000\051}{subsection.3.51.2}% 175
\BOOKMARK [3][-]{subsubsection.3.51.2.2}{\376\377\0003\000.\0005\0001\000.\0002\000.\0002\000\040\000a\000j\000o\000u\000t\000e\000r\000\137\000c\000o\000m\000p\000o\000s\000e\000r\000\137\000m\000u\000s\000i\000q\000u\000e\000G\000r\000\050\000\051}{subsection.3.51.2}% 176
\BOOKMARK [3][-]{subsubsection.3.51.2.3}{\376\377\0003\000.\0005\0001\000.\0002\000.\0003\000\040\000a\000j\000o\000u\000t\000e\000r\000\137\000m\000u\000s\000i\000q\000u\000e\000\050\000\051}{subsection.3.51.2}% 177
\BOOKMARK [3][-]{subsubsection.3.51.2.4}{\376\377\0003\000.\0005\0001\000.\0002\000.\0004\000\040\000m\000o\000d\000i\000f\000i\000e\000r\000\137\000m\000u\000s\000i\000q\000u\000e\000\050\000\051}{subsection.3.51.2}% 178
\BOOKMARK [3][-]{subsubsection.3.51.2.5}{\376\377\0003\000.\0005\0001\000.\0002\000.\0005\000\040\000r\000e\000c\000u\000p\000e\000r\000e\000r\000\137\000a\000r\000t\000i\000s\000t\000e\000\137\000m\000u\000s\000i\000q\000u\000e\000\050\000\051}{subsection.3.51.2}% 179
\BOOKMARK [3][-]{subsubsection.3.51.2.6}{\376\377\0003\000.\0005\0001\000.\0002\000.\0006\000\040\000r\000e\000c\000u\000p\000e\000r\000e\000r\000\137\000c\000o\000m\000p\000o\000s\000e\000r\000\137\000m\000u\000s\000i\000q\000u\000e\000\050\000\051}{subsection.3.51.2}% 180
\BOOKMARK [3][-]{subsubsection.3.51.2.7}{\376\377\0003\000.\0005\0001\000.\0002\000.\0007\000\040\000r\000e\000c\000u\000p\000e\000r\000e\000r\000\137\000c\000o\000m\000p\000o\000s\000e\000r\000\137\000m\000u\000s\000i\000q\000u\000e\000G\000r\000\050\000\051}{subsection.3.51.2}% 181
\BOOKMARK [3][-]{subsubsection.3.51.2.8}{\376\377\0003\000.\0005\0001\000.\0002\000.\0008\000\040\000r\000e\000c\000u\000p\000e\000r\000e\000r\000\137\000m\000u\000s\000i\000q\000u\000e\000\050\000\051}{subsection.3.51.2}% 182
\BOOKMARK [3][-]{subsubsection.3.51.2.9}{\376\377\0003\000.\0005\0001\000.\0002\000.\0009\000\040\000r\000e\000c\000u\000p\000e\000r\000e\000r\000\137\000m\000u\000s\000i\000q\000u\000e\000\137\000t\000o\000u\000s\000\050\000\051}{subsection.3.51.2}% 183
\BOOKMARK [3][-]{subsubsection.3.51.2.10}{\376\377\0003\000.\0005\0001\000.\0002\000.\0001\0000\000\040\000s\000u\000p\000p\000r\000i\000m\000e\000r\000\137\000c\000o\000m\000p\000o\000s\000e\000r\000\137\000m\000u\000s\000i\000q\000u\000e\000\137\000t\000o\000u\000s\000\050\000\051}{subsection.3.51.2}% 184
\BOOKMARK [3][-]{subsubsection.3.51.2.11}{\376\377\0003\000.\0005\0001\000.\0002\000.\0001\0001\000\040\000s\000u\000p\000p\000r\000i\000m\000e\000r\000\137\000c\000o\000m\000p\000o\000s\000e\000r\000\137\000m\000u\000s\000i\000q\000u\000e\000G\000r\000\137\000t\000o\000u\000s\000\050\000\051}{subsection.3.51.2}% 185
\BOOKMARK [3][-]{subsubsection.3.51.2.12}{\376\377\0003\000.\0005\0001\000.\0002\000.\0001\0002\000\040\000s\000u\000p\000p\000r\000i\000m\000e\000r\000\137\000m\000u\000s\000i\000q\000u\000e\000\050\000\051}{subsection.3.51.2}% 186
\BOOKMARK [1][-]{section.3.52}{\376\377\0003\000.\0005\0002\000\040\000R\000\351\000f\000\351\000r\000e\000n\000c\000e\000\040\000d\000u\000\040\000f\000i\000c\000h\000i\000e\000r\000\040\000f\000o\000n\000c\000t\000i\000o\000n\000s\000/\000f\000o\000n\000c\000t\000i\000o\000n\000R\000e\000c\000h\000e\000r\000c\000h\000e\000.\000p\000h\000p}{chapter.3}% 187
\BOOKMARK [2][-]{subsection.3.52.1}{\376\377\0003\000.\0005\0002\000.\0001\000\040\000D\000e\000s\000c\000r\000i\000p\000t\000i\000o\000n\000\040\000d\000\351\000t\000a\000i\000l\000l\000\351\000e}{section.3.52}% 188
\BOOKMARK [2][-]{subsection.3.52.2}{\376\377\0003\000.\0005\0002\000.\0002\000\040\000D\000o\000c\000u\000m\000e\000n\000t\000a\000t\000i\000o\000n\000\040\000d\000e\000s\000\040\000f\000o\000n\000c\000t\000i\000o\000n\000s}{section.3.52}% 189
\BOOKMARK [3][-]{subsubsection.3.52.2.1}{\376\377\0003\000.\0005\0002\000.\0002\000.\0001\000\040\000r\000e\000c\000h\000e\000r\000c\000h\000e\000r\000\137\000a\000l\000b\000u\000m\000\050\000\051}{subsection.3.52.2}% 190
\BOOKMARK [3][-]{subsubsection.3.52.2.2}{\376\377\0003\000.\0005\0002\000.\0002\000.\0002\000\040\000r\000e\000c\000h\000e\000r\000c\000h\000e\000r\000\137\000a\000r\000t\000i\000s\000t\000e\000\050\000\051}{subsection.3.52.2}% 191
\BOOKMARK [3][-]{subsubsection.3.52.2.3}{\376\377\0003\000.\0005\0002\000.\0002\000.\0003\000\040\000r\000e\000c\000h\000e\000r\000c\000h\000e\000r\000\137\000g\000r\000o\000u\000p\000e\000\050\000\051}{subsection.3.52.2}% 192
\BOOKMARK [3][-]{subsubsection.3.52.2.4}{\376\377\0003\000.\0005\0002\000.\0002\000.\0004\000\040\000r\000e\000c\000h\000e\000r\000c\000h\000e\000r\000\137\000m\000u\000s\000i\000q\000u\000e\000\050\000\051}{subsection.3.52.2}% 193
\BOOKMARK [1][-]{section.3.53}{\376\377\0003\000.\0005\0003\000\040\000R\000\351\000f\000\351\000r\000e\000n\000c\000e\000\040\000d\000u\000\040\000f\000i\000c\000h\000i\000e\000r\000\040\000f\000o\000n\000c\000t\000i\000o\000n\000s\000/\000f\000o\000n\000c\000t\000i\000o\000n\000R\000e\000c\000o\000m\000p\000e\000n\000s\000e\000.\000p\000h\000p}{chapter.3}% 194
\BOOKMARK [2][-]{subsection.3.53.1}{\376\377\0003\000.\0005\0003\000.\0001\000\040\000D\000e\000s\000c\000r\000i\000p\000t\000i\000o\000n\000\040\000d\000\351\000t\000a\000i\000l\000l\000\351\000e}{section.3.53}% 195
\BOOKMARK [2][-]{subsection.3.53.2}{\376\377\0003\000.\0005\0003\000.\0002\000\040\000D\000o\000c\000u\000m\000e\000n\000t\000a\000t\000i\000o\000n\000\040\000d\000e\000s\000\040\000f\000o\000n\000c\000t\000i\000o\000n\000s}{section.3.53}% 196
\BOOKMARK [3][-]{subsubsection.3.53.2.1}{\376\377\0003\000.\0005\0003\000.\0002\000.\0001\000\040\000a\000j\000o\000u\000t\000e\000r\000\137\000o\000b\000t\000e\000n\000i\000r\000\137\000r\000e\000c\000o\000m\000p\000e\000n\000s\000e\000\050\000\051}{subsection.3.53.2}% 197
\BOOKMARK [3][-]{subsubsection.3.53.2.2}{\376\377\0003\000.\0005\0003\000.\0002\000.\0002\000\040\000a\000j\000o\000u\000t\000e\000r\000\137\000r\000e\000c\000o\000m\000p\000e\000n\000s\000e\000\050\000\051}{subsection.3.53.2}% 198
\BOOKMARK [3][-]{subsubsection.3.53.2.3}{\376\377\0003\000.\0005\0003\000.\0002\000.\0003\000\040\000m\000o\000d\000i\000f\000i\000e\000r\000\137\000r\000e\000c\000o\000m\000p\000e\000n\000s\000e\000\050\000\051}{subsection.3.53.2}% 199
\BOOKMARK [3][-]{subsubsection.3.53.2.4}{\376\377\0003\000.\0005\0003\000.\0002\000.\0004\000\040\000r\000e\000c\000u\000p\000e\000r\000e\000\137\000r\000e\000c\000o\000m\000p\000e\000n\000s\000e\000\050\000\051}{subsection.3.53.2}% 200
\BOOKMARK [3][-]{subsubsection.3.53.2.5}{\376\377\0003\000.\0005\0003\000.\0002\000.\0005\000\040\000r\000e\000c\000u\000p\000e\000r\000e\000r\000\137\000o\000b\000t\000e\000n\000i\000r\000\137\000r\000e\000c\000o\000m\000p\000e\000n\000s\000e\000\050\000\051}{subsection.3.53.2}% 201
\BOOKMARK [3][-]{subsubsection.3.53.2.6}{\376\377\0003\000.\0005\0003\000.\0002\000.\0006\000\040\000r\000e\000c\000u\000p\000e\000r\000e\000r\000\137\000r\000e\000c\000o\000m\000p\000e\000n\000s\000e\000\137\000t\000o\000u\000s\000\050\000\051}{subsection.3.53.2}% 202
\BOOKMARK [3][-]{subsubsection.3.53.2.7}{\376\377\0003\000.\0005\0003\000.\0002\000.\0007\000\040\000s\000u\000p\000p\000r\000i\000m\000e\000r\000\137\000o\000b\000t\000e\000n\000i\000r\000\137\000r\000e\000c\000o\000m\000p\000e\000n\000s\000e\000\137\000t\000o\000u\000s\000\050\000\051}{subsection.3.53.2}% 203
\BOOKMARK [3][-]{subsubsection.3.53.2.8}{\376\377\0003\000.\0005\0003\000.\0002\000.\0008\000\040\000s\000u\000p\000p\000r\000i\000m\000e\000r\000\137\000r\000e\000c\000o\000m\000p\000e\000n\000s\000e\000\050\000\051}{subsection.3.53.2}% 204
\BOOKMARK [1][-]{section.3.54}{\376\377\0003\000.\0005\0004\000\040\000R\000\351\000f\000\351\000r\000e\000n\000c\000e\000\040\000d\000u\000\040\000f\000i\000c\000h\000i\000e\000r\000\040\000f\000o\000n\000c\000t\000i\000o\000n\000s\000/\000v\000a\000r\000i\000a\000b\000l\000e\000s\000.\000p\000h\000p}{chapter.3}% 205
\BOOKMARK [2][-]{subsection.3.54.1}{\376\377\0003\000.\0005\0004\000.\0001\000\040\000D\000e\000s\000c\000r\000i\000p\000t\000i\000o\000n\000\040\000d\000\351\000t\000a\000i\000l\000l\000\351\000e}{section.3.54}% 206
\BOOKMARK [2][-]{subsection.3.54.2}{\376\377\0003\000.\0005\0004\000.\0002\000\040\000D\000o\000c\000u\000m\000e\000n\000t\000a\000t\000i\000o\000n\000\040\000d\000e\000s\000\040\000f\000o\000n\000c\000t\000i\000o\000n\000s}{section.3.54}% 207
\BOOKMARK [3][-]{subsubsection.3.54.2.1}{\376\377\0003\000.\0005\0004\000.\0002\000.\0001\000\040\000a\000f\000f\000i\000c\000h\000a\000g\000e\000\137\000d\000a\000t\000e\000\050\000\051}{subsection.3.54.2}% 208
\BOOKMARK [3][-]{subsubsection.3.54.2.2}{\376\377\0003\000.\0005\0004\000.\0002\000.\0002\000\040\000d\000a\000t\000e\000\137\000v\000a\000l\000i\000d\000e\000\050\000\051}{subsection.3.54.2}% 209
\BOOKMARK [3][-]{subsubsection.3.54.2.3}{\376\377\0003\000.\0005\0004\000.\0002\000.\0003\000\040\000f\000o\000r\000m\000a\000t\000\137\000d\000a\000t\000e\000\050\000\051}{subsection.3.54.2}% 210
\BOOKMARK [3][-]{subsubsection.3.54.2.4}{\376\377\0003\000.\0005\0004\000.\0002\000.\0004\000\040\000f\000o\000r\000m\000a\000t\000\137\000d\000u\000r\000e\000e\000\050\000\051}{subsection.3.54.2}% 211
\BOOKMARK [2][-]{subsection.3.54.3}{\376\377\0003\000.\0005\0004\000.\0003\000\040\000D\000o\000c\000u\000m\000e\000n\000t\000a\000t\000i\000o\000n\000\040\000d\000e\000s\000\040\000v\000a\000r\000i\000a\000b\000l\000e\000s}{section.3.54}% 212
\BOOKMARK [3][-]{subsubsection.3.54.3.1}{\376\377\0003\000.\0005\0004\000.\0003\000.\0001\000\040\000i\000n\000f\000o}{subsection.3.54.3}% 213
\BOOKMARK [3][-]{subsubsection.3.54.3.2}{\376\377\0003\000.\0005\0004\000.\0003\000.\0002\000\040\000m\000e\000s\000s\000a\000g\000e\000s}{subsection.3.54.3}% 214
\BOOKMARK [1][-]{section.3.55}{\376\377\0003\000.\0005\0005\000\040\000R\000\351\000f\000\351\000r\000e\000n\000c\000e\000\040\000d\000u\000\040\000f\000i\000c\000h\000i\000e\000r\000\040\000f\000o\000o\000t\000e\000r\000.\000p\000h\000p}{chapter.3}% 215
\BOOKMARK [2][-]{subsection.3.55.1}{\376\377\0003\000.\0005\0005\000.\0001\000\040\000D\000e\000s\000c\000r\000i\000p\000t\000i\000o\000n\000\040\000d\000\351\000t\000a\000i\000l\000l\000\351\000e}{section.3.55}% 216
\BOOKMARK [1][-]{section.3.56}{\376\377\0003\000.\0005\0006\000\040\000R\000\351\000f\000\351\000r\000e\000n\000c\000e\000\040\000d\000u\000\040\000f\000i\000c\000h\000i\000e\000r\000\040\000h\000e\000a\000d\000.\000p\000h\000p}{chapter.3}% 217
\BOOKMARK [2][-]{subsection.3.56.1}{\376\377\0003\000.\0005\0006\000.\0001\000\040\000D\000e\000s\000c\000r\000i\000p\000t\000i\000o\000n\000\040\000d\000\351\000t\000a\000i\000l\000l\000\351\000e}{section.3.56}% 218
\BOOKMARK [1][-]{section.3.57}{\376\377\0003\000.\0005\0007\000\040\000R\000\351\000f\000\351\000r\000e\000n\000c\000e\000\040\000d\000u\000\040\000f\000i\000c\000h\000i\000e\000r\000\040\000h\000e\000a\000d\000e\000r\000.\000p\000h\000p}{chapter.3}% 219
\BOOKMARK [2][-]{subsection.3.57.1}{\376\377\0003\000.\0005\0007\000.\0001\000\040\000D\000e\000s\000c\000r\000i\000p\000t\000i\000o\000n\000\040\000d\000\351\000t\000a\000i\000l\000l\000\351\000e}{section.3.57}% 220
\BOOKMARK [1][-]{section.3.58}{\376\377\0003\000.\0005\0008\000\040\000R\000\351\000f\000\351\000r\000e\000n\000c\000e\000\040\000d\000u\000\040\000f\000i\000c\000h\000i\000e\000r\000\040\000m\000u\000s\000i\000q\000u\000e\000.\000p\000h\000p}{chapter.3}% 221
\BOOKMARK [2][-]{subsection.3.58.1}{\376\377\0003\000.\0005\0008\000.\0001\000\040\000D\000e\000s\000c\000r\000i\000p\000t\000i\000o\000n\000\040\000d\000\351\000t\000a\000i\000l\000l\000\351\000e}{section.3.58}% 222
\BOOKMARK [2][-]{subsection.3.58.2}{\376\377\0003\000.\0005\0008\000.\0002\000\040\000D\000o\000c\000u\000m\000e\000n\000t\000a\000t\000i\000o\000n\000\040\000d\000e\000s\000\040\000v\000a\000r\000i\000a\000b\000l\000e\000s}{section.3.58}% 223
\BOOKMARK [3][-]{subsubsection.3.58.2.1}{\376\377\0003\000.\0005\0008\000.\0002\000.\0001\000\040\000e\000l\000s\000e}{subsection.3.58.2}% 224
\BOOKMARK [1][-]{section.3.59}{\376\377\0003\000.\0005\0009\000\040\000R\000\351\000f\000\351\000r\000e\000n\000c\000e\000\040\000d\000u\000\040\000f\000i\000c\000h\000i\000e\000r\000\040\000r\000e\000c\000h\000e\000r\000c\000h\000e\000.\000p\000h\000p}{chapter.3}% 225
\BOOKMARK [2][-]{subsection.3.59.1}{\376\377\0003\000.\0005\0009\000.\0001\000\040\000D\000e\000s\000c\000r\000i\000p\000t\000i\000o\000n\000\040\000d\000\351\000t\000a\000i\000l\000l\000\351\000e}{section.3.59}% 226
\BOOKMARK [2][-]{subsection.3.59.2}{\376\377\0003\000.\0005\0009\000.\0002\000\040\000D\000o\000c\000u\000m\000e\000n\000t\000a\000t\000i\000o\000n\000\040\000d\000e\000s\000\040\000v\000a\000r\000i\000a\000b\000l\000e\000s}{section.3.59}% 227
\BOOKMARK [3][-]{subsubsection.3.59.2.1}{\376\377\0003\000.\0005\0009\000.\0002\000.\0001\000\040\000e\000l\000s\000e}{subsection.3.59.2}% 228
\BOOKMARK [0][-]{section*.47}{\376\377\000I\000n\000d\000e\000x}{}% 229
